2024-11-26 16:42:27,473 - INFO - Инструмент работает в режиме выгрузки в одну папку для ММ
2024-11-26 16:43:12,932 - INFO - Считываем список объектов и зон из файла urls.xlsx
2024-11-26 16:47:44,019 - INFO - Инструмент работает в режиме выгрузки в одну папку для ММ
2024-11-26 16:47:44,067 - INFO - Считываем список объектов и зон из файла urls.xlsx
2024-11-26 16:48:56,106 - INFO - Инструмент работает в режиме выгрузки в одну папку для ММ
2024-11-26 16:48:56,152 - INFO - Считываем список объектов и зон из файла urls.xlsx
2024-11-26 16:49:14,526 - INFO - Инструмент работает в режиме выгрузки в одну папку для ММ
2024-11-26 16:49:14,573 - INFO - Считываем список объектов и зон из файла urls.xlsx
2024-11-26 16:50:25,248 - INFO - Инструмент работает в режиме выгрузки в одну папку для ММ
2024-11-26 16:50:25,295 - INFO - Считываем список объектов и зон из файла urls.xlsx
2024-11-26 16:51:05,750 - INFO - Инструмент работает в режиме выгрузки в одну папку для ММ
2024-11-26 16:51:05,798 - INFO - Считываем список объектов и зон из файла urls.xlsx
2024-11-26 16:53:22,410 - INFO - Инструмент работает в режиме выгрузки в одну папку для ММ
2024-11-26 16:53:22,454 - INFO - Считываем список объектов и зон из файла urls.xlsx
2024-11-26 16:53:45,432 - INFO - Инструмент работает в режиме выгрузки в одну папку для ММ
2024-11-26 16:53:45,479 - INFO - Считываем список объектов и зон из файла urls.xlsx
2024-11-26 16:57:53,214 - INFO - Инструмент работает в режиме выгрузки в одну папку для ММ
2024-11-26 16:58:07,177 - INFO - Считываем список объектов и зон из файла urls.xlsx
2024-11-26 17:05:11,557 - INFO - Инструмент работает в режиме выгрузки в одну папку для ММ
2024-11-26 17:05:11,605 - INFO - Считываем список объектов и зон из файла urls.xlsx
2024-11-27 16:24:57,926 - INFO - Инструмент работает в режиме выгрузки в одну папку для ММ
2024-11-27 16:24:57,974 - INFO - Считываем список объектов и зон из файла urls.xlsx
2024-11-27 16:26:05,552 - INFO - Инструмент работает в режиме выгрузки в одну папку для ММ
2024-11-27 16:26:05,600 - INFO - Считываем список объектов и зон из файла urls.xlsx
2024-11-27 17:03:15,606 - INFO - Инструмент работает в режиме выгрузки в одну папку для ММ
2024-11-27 17:03:15,652 - INFO - Считываем список объектов и зон из файла urls.xlsx
2024-11-27 17:12:04,413 - INFO - Инструмент работает в режиме выгрузки в одну папку для ММ
2024-11-27 17:12:04,460 - INFO - Считываем список объектов и зон из файла urls.xlsx
2024-11-27 17:12:29,088 - INFO - Инструмент работает в режиме выгрузки в одну папку для ММ
2024-11-27 17:12:29,135 - INFO - Считываем список объектов и зон из файла urls.xlsx
2024-11-27 17:13:24,455 - INFO - Инструмент работает в режиме выгрузки в одну папку для ММ
2024-11-27 17:13:24,503 - INFO - Считываем список объектов и зон из файла urls.xlsx
2024-11-28 10:22:07,850 - INFO - Инструмент работает в режиме выгрузки в одну папку для ММ
2024-11-28 10:22:07,957 - INFO - Считываем список объектов и зон из файла urls.xlsx
2024-11-28 10:23:16,184 - INFO - Инструмент работает в режиме выгрузки в одну папку для ММ
2024-11-28 10:23:16,231 - INFO - Считываем список объектов и зон из файла urls.xlsx
2024-11-28 10:47:18,837 - INFO - Инструмент работает в режиме выгрузки в одну папку для ММ
2024-11-28 10:47:18,953 - INFO - Считываем список объектов и зон из файла urls.xlsx
2024-11-28 10:49:05,361 - INFO - Инструмент работает в режиме выгрузки в одну папку для ММ
2024-11-28 10:49:05,466 - INFO - Считываем список объектов и зон из файла urls.xlsx
2024-11-28 10:57:13,571 - INFO - Инструмент работает в режиме выгрузки в одну папку для ММ
2024-11-28 10:57:13,620 - INFO - Считываем список объектов и зон из файла urls.xlsx
2024-12-18 13:57:12,217 - INFO - Инструмент работает в режиме выгрузки в одну папку для ММ
2024-12-18 13:57:12,433 - INFO - Считываем список объектов и зон из файла urls.xlsx
2024-12-25 10:51:15,571 - INFO - Инструмент работает в режиме выгрузки в одну папку для ММ
2024-12-25 10:51:15,734 - INFO - Считываем список объектов и зон из файла urls.xlsx
2024-12-25 11:12:59,179 - INFO - Инструмент работает в режиме выгрузки в одну папку для ММ
2024-12-25 11:12:59,286 - INFO - Считываем список объектов и зон из файла urls.xlsx
2024-12-25 11:21:40,362 - INFO - Инструмент работает в режиме выгрузки в одну папку для ММ
2024-12-25 11:21:40,413 - INFO - Считываем список объектов и зон из файла urls.xlsx
2025-01-30 10:58:08,159 - INFO - Инструмент работает в режиме выгрузки в одну папку для ММ
2025-01-30 10:58:08,365 - INFO - Считываем список объектов и зон из файла urls.xlsx
2025-01-30 11:08:35,878 - INFO - Инструмент работает в режиме выгрузки в одну папку для ММ
2025-01-30 11:08:35,928 - INFO - Считываем список объектов и зон из файла urls.xlsx
2025-01-30 11:12:15,045 - INFO - Инструмент работает в режиме выгрузки в одну папку для ММ
2025-01-30 11:12:15,094 - INFO - Считываем список объектов и зон из файла urls.xlsx
2025-01-30 11:23:15,873 - INFO - Инструмент работает в режиме выгрузки в одну папку для ММ
2025-01-30 11:23:15,920 - INFO - Считываем список объектов и зон из файла urls.xlsx
2025-01-30 11:25:04,745 - INFO - Инструмент работает в режиме выгрузки в одну папку для ММ
2025-01-30 11:25:04,792 - INFO - Считываем список объектов и зон из файла urls.xlsx
2025-01-30 11:27:11,867 - INFO - Инструмент работает в режиме выгрузки в одну папку для ММ
2025-01-30 11:27:11,915 - INFO - Считываем список объектов и зон из файла urls.xlsx
2025-01-30 11:28:02,438 - INFO - Инструмент работает в режиме выгрузки в одну папку для ММ
2025-01-30 11:28:02,487 - INFO - Считываем список объектов и зон из файла urls.xlsx
2025-01-30 11:48:43,706 - INFO - Инструмент работает в режиме выгрузки в одну папку для ММ
2025-01-30 11:48:43,754 - INFO - Считываем список объектов и зон из файла urls.xlsx
2025-01-30 11:50:38,792 - INFO - Инструмент работает в режиме выгрузки в одну папку для ММ
2025-01-30 11:50:38,840 - INFO - Считываем список объектов и зон из файла urls.xlsx
2025-01-30 11:51:35,349 - INFO - Инструмент работает в режиме выгрузки в одну папку для ММ
2025-01-30 11:51:35,398 - INFO - Считываем список объектов и зон из файла urls.xlsx
2025-01-30 11:52:21,063 - INFO - Инструмент работает в режиме выгрузки в одну папку для ММ
2025-01-30 11:52:21,111 - INFO - Считываем список объектов и зон из файла urls.xlsx
2025-01-30 11:53:07,222 - INFO - Инструмент работает в режиме выгрузки в одну папку для ММ
2025-01-30 11:53:07,268 - INFO - Считываем список объектов и зон из файла urls.xlsx
2025-01-30 11:53:31,967 - INFO - Инструмент работает в режиме выгрузки в одну папку для ММ
2025-01-30 11:53:32,013 - INFO - Считываем список объектов и зон из файла urls.xlsx
2025-01-30 11:56:57,569 - INFO - Инструмент работает в режиме выгрузки в одну папку для ММ
2025-01-30 11:56:57,617 - INFO - Считываем список объектов и зон из файла urls.xlsx
2025-01-30 11:58:29,290 - INFO - Инструмент работает в режиме выгрузки в одну папку для ММ
2025-01-30 11:58:29,337 - INFO - Считываем список объектов и зон из файла urls.xlsx
2025-01-30 11:58:53,573 - INFO - Инструмент работает в режиме выгрузки в одну папку для ММ
2025-01-30 11:58:53,620 - INFO - Считываем список объектов и зон из файла urls.xlsx
2025-01-30 12:02:24,088 - INFO - Инструмент работает в режиме выгрузки в одну папку для ММ
2025-01-30 12:02:24,135 - INFO - Считываем список объектов и зон из файла urls.xlsx
2025-01-30 12:03:27,527 - INFO - Инструмент работает в режиме выгрузки в одну папку для ММ
2025-01-30 12:03:27,573 - INFO - Считываем список объектов и зон из файла urls.xlsx
2025-01-30 12:04:37,531 - INFO - Инструмент работает в режиме выгрузки в одну папку для ММ
2025-01-30 12:04:37,578 - INFO - Считываем список объектов и зон из файла urls.xlsx
2025-01-30 12:10:46,413 - INFO - Инструмент работает в режиме выгрузки в одну папку для ММ
2025-01-30 12:10:46,461 - INFO - Считываем список объектов и зон из файла urls.xlsx
2025-01-30 12:11:22,269 - INFO - Инструмент работает в режиме выгрузки в одну папку для ММ
2025-01-30 12:11:22,318 - INFO - Считываем список объектов и зон из файла urls.xlsx
2025-01-30 12:12:12,544 - INFO - Инструмент работает в режиме выгрузки в одну папку для ММ
2025-01-30 12:12:12,590 - INFO - Считываем список объектов и зон из файла urls.xlsx
2025-01-30 12:13:43,044 - INFO - Инструмент работает в режиме выгрузки в одну папку для ММ
2025-01-30 12:13:43,092 - INFO - Считываем список объектов и зон из файла urls.xlsx
2025-01-30 12:15:14,320 - INFO - Инструмент работает в режиме выгрузки в одну папку для ММ
2025-01-30 12:15:14,369 - INFO - Считываем список объектов и зон из файла urls.xlsx
2025-01-30 12:21:17,047 - INFO - Инструмент работает в режиме выгрузки в одну папку для ММ
2025-01-30 12:21:17,094 - INFO - Считываем список объектов и зон из файла urls.xlsx
2025-01-30 13:30:14,532 - INFO - Инструмент работает в режиме выгрузки в одну папку для ММ
2025-01-30 13:30:14,578 - INFO - Считываем список объектов и зон из файла urls.xlsx
2025-01-30 13:33:11,120 - INFO - Инструмент работает в режиме выгрузки в одну папку для ММ
2025-01-30 13:33:11,167 - INFO - Считываем список объектов и зон из файла urls.xlsx
2025-01-30 13:35:13,249 - INFO - Инструмент работает в режиме выгрузки в одну папку для ММ
2025-01-30 13:35:13,296 - INFO - Считываем список объектов и зон из файла urls.xlsx
2025-01-30 13:37:25,335 - INFO - Инструмент работает в режиме выгрузки в одну папку для ММ
2025-01-30 13:37:25,383 - INFO - Считываем список объектов и зон из файла urls.xlsx
2025-01-30 13:38:44,637 - INFO - Инструмент работает в режиме выгрузки в одну папку для ММ
2025-01-30 13:38:44,683 - INFO - Считываем список объектов и зон из файла urls.xlsx
2025-01-30 13:43:13,762 - INFO - Инструмент работает в режиме выгрузки в одну папку для ММ
2025-01-30 13:43:13,809 - INFO - Считываем список объектов и зон из файла urls.xlsx
2025-01-30 13:43:19,079 - INFO - Получаем ответ от сервера: 500
2025-01-30 13:43:19,079 - ERROR - Ошибка генерации планограммы http://merchant.corp.tander.ru/api/layout-zone/ХО САН/10608001.pdf, скорее всего не настроена блочная подсветка
2025-01-30 13:43:19,080 - ERROR - Ошибка 500
2025-01-30 13:43:19,081 - ERROR - Ошибка при загрузке файла
2025-01-30 13:45:12,182 - INFO - Инструмент работает в режиме выгрузки в одну папку для ММ
2025-01-30 13:45:12,230 - INFO - Считываем список объектов и зон из файла urls.xlsx
2025-01-30 13:51:24,300 - INFO - Инструмент работает в режиме выгрузки в одну папку для ММ
2025-01-30 13:51:24,347 - INFO - Считываем список объектов и зон из файла urls.xlsx
2025-01-30 13:52:54,318 - INFO - Инструмент работает в режиме выгрузки в одну папку для ММ
2025-01-30 13:52:54,367 - INFO - Считываем список объектов и зон из файла urls.xlsx
2025-01-30 13:53:05,357 - INFO - Получаем ответ от сервера: 200
2025-01-30 13:53:05,358 - INFO - Начинаем загрузку файла по url: http://merchant.corp.tander.ru/api/layout-zone/3217/10608001.pdf
2025-01-30 13:53:05,757 - INFO - Сохраняем файл E:\Шаблоны\ХО САН\Азов 1 Маяковского 06.08.2024.pdf, который содержит 70 позиций
2025-01-30 13:53:05,758 - INFO - Файл E:\Шаблоны\ХО САН\Азов 1 Маяковского 06.08.2024.pdf успешно загружен, размер 0.31 Мб
2025-01-30 14:06:04,317 - INFO - Инструмент работает в режиме выгрузки в одну папку для ММ
2025-01-30 14:06:04,364 - INFO - Считываем список объектов и зон из файла urls.xlsx
2025-01-30 14:06:20,505 - INFO - Инструмент работает в режиме выгрузки в одну папку для ММ
2025-01-30 14:06:20,551 - INFO - Считываем список объектов и зон из файла urls.xlsx
2025-01-30 14:06:30,727 - INFO - Получаем ответ от сервера: 200
2025-01-30 14:06:30,727 - INFO - Начинаем загрузку файла по url: http://merchant.corp.tander.ru/api/layout-zone/3217/10608001.pdf
2025-01-30 14:06:31,080 - INFO - Сохраняем файл E:\Шаблоны\ХО САН\Азов 1 Маяковского 06.08.2024.pdf, который содержит 70 позиций
2025-01-30 14:06:31,081 - INFO - Файл E:\Шаблоны\ХО САН\Азов 1 Маяковского 06.08.2024.pdf успешно загружен, размер 0.31 Мб
2025-01-30 14:06:31,081 - INFO - Было выгружено 1 файлов за 0:00:12
2025-01-30 14:10:33,647 - INFO - Инструмент работает в режиме выгрузки в одну папку для ММ
2025-01-30 14:10:33,695 - INFO - Считываем список объектов и зон из файла urls.xlsx
2025-01-30 14:10:50,184 - INFO - Получаем ответ от сервера: 200
2025-01-30 14:10:50,185 - INFO - Начинаем загрузку файла по url: http://merchant.corp.tander.ru/api/layout-zone/9113/11571269.pdf
2025-01-30 14:10:50,201 - INFO - Сохраняем файл E:\Шаблоны\СП 10.20 остров 5\Майкоп 2 Пионерская.pdf, который содержит 0 позиций
2025-01-30 14:10:50,329 - INFO - Получаем ответ от сервера: 200
2025-01-30 14:10:50,330 - INFO - Начинаем загрузку файла по url: http://merchant.corp.tander.ru/api/layout-zone/3217/10608001.pdf
2025-01-30 14:10:50,684 - INFO - Сохраняем файл E:\Шаблоны\ХО САН\Азов 1 Маяковского 06.08.2024.pdf, который содержит 70 позиций
2025-01-30 14:10:50,685 - INFO - Файл E:\Шаблоны\ХО САН\Азов 1 Маяковского 06.08.2024.pdf успешно загружен, размер 0.31 Мб
2025-01-30 14:10:51,707 - INFO - Получаем ответ от сервера: 200
2025-01-30 14:10:51,707 - INFO - Начинаем загрузку файла по url: http://merchant.corp.tander.ru/api/layout-zone/9113/4783516.pdf
2025-01-30 14:10:51,779 - INFO - Сохраняем файл E:\Шаблоны\ХО. Здоровье\Майкоп 2 Пионерская 06.12.2024.pdf, который содержит 16 позиций
2025-01-30 14:10:52,066 - INFO - Получаем ответ от сервера: 200
2025-01-30 14:10:52,067 - INFO - Начинаем загрузку файла по url: http://merchant.corp.tander.ru/api/layout-zone/6986/246234.pdf
2025-01-30 14:10:52,260 - INFO - Получаем ответ от сервера: 200
2025-01-30 14:10:52,261 - INFO - Начинаем загрузку файла по url: http://merchant.corp.tander.ru/api/layout-zone/6986/8229421.pdf
2025-01-30 14:10:52,281 - INFO - Сохраняем файл E:\Шаблоны\NF_Автотовары_Все\Майкоп 1 Привокзальная 20.06.2024.pdf, который содержит 55 позиций
2025-01-30 14:10:52,477 - INFO - Сохраняем файл E:\Шаблоны\NF_НБ_Мужские ЧНИ\Майкоп 1 Привокзальная 30.10.2024.pdf, который содержит 53 позиций
2025-01-30 14:10:54,060 - INFO - Получаем ответ от сервера: 200
2025-01-30 14:10:54,060 - INFO - Начинаем загрузку файла по url: http://merchant.corp.tander.ru/api/layout-zone/6986/8354653.pdf
2025-01-30 14:10:54,442 - INFO - Сохраняем файл E:\Шаблоны\Заморозка. Пельмени, хинкали, вареники фас.\Майкоп 1 Привокзальная 01.10.2024.pdf, который содержит 83 позиций
2025-01-30 14:10:54,442 - INFO - Файл E:\Шаблоны\Заморозка. Пельмени, хинкали, вареники фас.\Майкоп 1 Привокзальная 01.10.2024.pdf успешно загружен, размер 0.32 Мб
2025-01-30 14:10:54,443 - INFO - Файл E:\Шаблоны\NF_НБ_Мужские ЧНИ\Майкоп 1 Привокзальная 30.10.2024.pdf успешно загружен, размер 0.29 Мб
2025-01-30 14:10:54,443 - INFO - Файл E:\Шаблоны\NF_Автотовары_Все\Майкоп 1 Привокзальная 20.06.2024.pdf успешно загружен, размер 0.3 Мб
2025-01-30 14:10:54,443 - INFO - Файл E:\Шаблоны\СП 10.20 остров 5\Майкоп 2 Пионерская.pdf успешно загружен, размер 0.28 Мб
2025-01-30 14:10:54,443 - INFO - Файл E:\Шаблоны\ХО. Здоровье\Майкоп 2 Пионерская 06.12.2024.pdf успешно загружен, размер 0.29 Мб
2025-01-30 14:10:54,524 - INFO - Получаем ответ от сервера: 200
2025-01-30 14:10:54,524 - INFO - Начинаем загрузку файла по url: http://merchant.corp.tander.ru/api/layout-zone/9113/4781351.pdf
2025-01-30 14:10:54,840 - INFO - Сохраняем файл E:\Шаблоны\NF_Товары для новорожденных\Майкоп 2 Пионерская 17.12.2024.pdf, который содержит 81 позиций
2025-01-30 14:10:54,841 - INFO - Файл E:\Шаблоны\NF_Товары для новорожденных\Майкоп 2 Пионерская 17.12.2024.pdf успешно загружен, размер 0.31 Мб
2025-01-30 14:10:54,841 - INFO - Было выгружено 7 файлов за 0:00:48
